time="2025-07-03T20:50:51+05:00" level=info msg="🚀 Сервер запущен на http://localhost:8181"
time="2025-07-03T20:51:32+05:00" level=info msg="⏳ Завершение работы сервера..."
time="2025-07-03T20:51:32+05:00" level=info msg="✅ Сервер успешно остановлен"
[36mINFO[0m[2025-07-03T20:57:30+05:00] 🚀 Сервер запущен на http://localhost:8181    
[36mINFO[0m[2025-07-03T21:02:23+05:00] 🚀 Сервер запущен на http://localhost:8181    
[36mINFO[0m[2025-07-03T21:22:23+05:00] ⏳ Завершение работы сервера...               
[36mINFO[0m[2025-07-03T21:22:23+05:00] ✅ Сервер успешно остановлен                  
[36mINFO[0m[2025-07-03T21:22:23+05:00] ✅ Инфо-сообщение                             
time="2025-07-03T21:22:26+05:00" level=info msg="🚀 Сервер запущен на http://localhost:8181"
time="2025-07-03T21:29:51+05:00" level=info msg="⏳ Завершение работы сервера..."
time="2025-07-03T21:29:51+05:00" level=info msg="✅ Сервер успешно остановлен"
time="2025-07-03T21:29:51+05:00" level=info msg="✅ Инфо-сообщение"
time="2025-07-03T21:29:51+05:00" level=warning msg="⚠️ Это предупреждение"
time="2025-07-03T21:29:51+05:00" level=error msg="❌ Ошибка какая-то"
time="2025-07-03T21:29:51+05:00" level=debug msg="🛠 Это отладочная информация"
time="2025-07-03T21:29:53+05:00" level=info msg="🚀 Сервер запущен на http://localhost:8181"
time="2025-07-03T21:32:30+05:00" level=info msg="⏳ Завершение работы сервера..."
time="2025-07-03T21:32:30+05:00" level=info msg="✅ Сервер успешно остановлен"
time="2025-07-03T21:32:30+05:00" level=info msg="✅ Инфо-сообщение"
time="2025-07-03T21:32:30+05:00" level=warning msg="⚠️ Это предупреждение"
time="2025-07-03T21:32:30+05:00" level=error msg="❌ Ошибка какая-то"
time="2025-07-03T21:32:30+05:00" level=debug msg="🛠 Это отладочная информация"
time="2025-07-03T21:33:53+05:00" level=info msg="🚀 Сервер запущен на http://localhost:8181"
time="2025-07-03T21:34:09+05:00" level=info msg="⏳ Завершение работы сервера..."
time="2025-07-03T21:34:09+05:00" level=info msg="✅ Сервер успешно остановлен"
time="2025-07-03T21:34:09+05:00" level=info msg="✅ Инфо-сообщение"
time="2025-07-03T21:35:48+05:00" level=info msg="🚀 Сервер запущен на http://localhost:8181"
time="2025-07-03T21:37:55+05:00" level=info msg="⏳ Завершение работы сервера..."
time="2025-07-03T21:37:55+05:00" level=info msg="✅ Сервер успешно остановлен"
time="2025-07-03T21:37:55+05:00" level=info msg="✅ Инфо-сообщение"
time="2025-07-03T21:38:35+05:00" level=info msg="✅ Инфо-сообщение"
time="2025-07-03T21:38:35+05:00" level=info msg="🚀 Сервер запущен на http://localhost:8181"
time="2025-07-03T21:39:10+05:00" level=info msg="⏳ Завершение работы сервера..."
time="2025-07-03T21:39:10+05:00" level=info msg="✅ Сервер успешно остановлен"
time="2025-07-03T21:39:12+05:00" level=info msg="✅ Инфо-сообщение"
time="2025-07-03T21:39:12+05:00" level=info msg="🚀 Сервер запущен на http://localhost:8181"
time="2025-07-03T21:39:14+05:00" level=info msg="⏳ Завершение работы сервера..."
time="2025-07-03T21:39:14+05:00" level=info msg="✅ Сервер успешно остановлен"
